Started GET "/" for 127.0.0.1 at 2017-02-06 20:33:30 -0800
Processing by Rails::WelcomeController#index as HTML
  Parameters: {"internal"=>true}
  Rendering /Users/FernandoWang/.rvm/gems/ruby-2.4.0/gems/railties-5.0.1/lib/rails/templates/rails/welcome/index.html.erb
  Rendered /Users/FernandoWang/.rvm/gems/ruby-2.4.0/gems/railties-5.0.1/lib/rails/templates/rails/welcome/index.html.erb (4.6ms)
Completed 200 OK in 29ms (Views: 13.8ms | ActiveRecord: 0.0ms)


Started GET "/" for 127.0.0.1 at 2017-02-06 20:33:31 -0800
Processing by Rails::WelcomeController#index as HTML
  Parameters: {"internal"=>true}
  Rendering /Users/FernandoWang/.rvm/gems/ruby-2.4.0/gems/railties-5.0.1/lib/rails/templates/rails/welcome/index.html.erb
  Rendered /Users/FernandoWang/.rvm/gems/ruby-2.4.0/gems/railties-5.0.1/lib/rails/templates/rails/welcome/index.html.erb (2.9ms)
Completed 200 OK in 7ms (Views: 4.6ms | ActiveRecord: 0.0ms)


Started GET "/users/sign_in" for 127.0.0.1 at 2017-02-06 20:33:38 -0800
  
ActionController::RoutingError (No route matches [GET] "/users/sign_in"):
  
actionpack (5.0.1) lib/action_dispatch/middleware/debug_exceptions.rb:53:in `call'
web-console (3.4.0) lib/web_console/middleware.rb:135:in `call_app'
web-console (3.4.0) lib/web_console/middleware.rb:28:in `block in call'
web-console (3.4.0) lib/web_console/middleware.rb:18:in `catch'
web-console (3.4.0) lib/web_console/middleware.rb:18:in `call'
actionpack (5.0.1) lib/action_dispatch/middleware/show_exceptions.rb:31:in `call'
railties (5.0.1) lib/rails/rack/logger.rb:36:in `call_app'
railties (5.0.1) lib/rails/rack/logger.rb:24:in `block in call'
activesupport (5.0.1) lib/active_support/tagged_logging.rb:69:in `block in tagged'
activesupport (5.0.1) lib/active_support/tagged_logging.rb:26:in `tagged'
activesupport (5.0.1) lib/active_support/tagged_logging.rb:69:in `tagged'
railties (5.0.1) lib/rails/rack/logger.rb:24:in `call'
sprockets-rails (3.2.0) lib/sprockets/rails/quiet_assets.rb:13:in `call'
actionpack (5.0.1) lib/action_dispatch/middleware/request_id.rb:24:in `call'
rack (2.0.1) lib/rack/method_override.rb:22:in `call'
rack (2.0.1) lib/rack/runtime.rb:22:in `call'
activesupport (5.0.1) lib/active_support/cache/strategy/local_cache_middleware.rb:28:in `call'
actionpack (5.0.1) lib/action_dispatch/middleware/executor.rb:12:in `call'
actionpack (5.0.1) lib/action_dispatch/middleware/static.rb:136:in `call'
rack (2.0.1) lib/rack/sendfile.rb:111:in `call'
railties (5.0.1) lib/rails/engine.rb:522:in `call'
puma (3.7.0) lib/puma/configuration.rb:226:in `call'
puma (3.7.0) lib/puma/server.rb:578:in `handle_request'
puma (3.7.0) lib/puma/server.rb:415:in `process_client'
puma (3.7.0) lib/puma/server.rb:275:in `block in run'
puma (3.7.0) lib/puma/thread_pool.rb:120:in `block in spawn_thread'
  Rendering /Users/FernandoWang/.rvm/gems/ruby-2.4.0/gems/actionpack-5.0.1/lib/action_dispatch/middleware/templates/rescues/routing_error.html.erb within rescues/layout
  Rendering /Users/FernandoWang/.rvm/gems/ruby-2.4.0/gems/actionpack-5.0.1/lib/action_dispatch/middleware/templates/rescues/_trace.html.erb
  Rendered /Users/FernandoWang/.rvm/gems/ruby-2.4.0/gems/actionpack-5.0.1/lib/action_dispatch/middleware/templates/rescues/_trace.html.erb (1.2ms)
  Rendered /Users/FernandoWang/.rvm/gems/ruby-2.4.0/gems/actionpack-5.0.1/lib/action_dispatch/middleware/templates/routes/_table.html.erb (5.4ms)
  Rendering /Users/FernandoWang/.rvm/gems/ruby-2.4.0/gems/actionpack-5.0.1/lib/action_dispatch/middleware/templates/rescues/_request_and_response.html.erb
  Rendered /Users/FernandoWang/.rvm/gems/ruby-2.4.0/gems/actionpack-5.0.1/lib/action_dispatch/middleware/templates/rescues/_request_and_response.html.erb (0.9ms)
  Rendered /Users/FernandoWang/.rvm/gems/ruby-2.4.0/gems/actionpack-5.0.1/lib/action_dispatch/middleware/templates/rescues/routing_error.html.erb within rescues/layout (67.5ms)
  [1m[35m (5.8ms)[0m  [1m[35mCREATE TABLE "schema_migrations" ("version" varchar NOT NULL PRIMARY KEY)[0m
  [1m[35m (3.2ms)[0m  [1m[35mCREATE TABLE "ar_internal_metadata" ("key" varchar NOT NULL PRIMARY KEY, "value" varchar, "created_at" datetime NOT NULL, "updated_at" datetime NOT NULL)[0m
  [1m[36mActiveRecord::SchemaMigration Load (0.1ms)[0m  [1m[34mSELECT "schema_migrations".* FROM "schema_migrations"[0m
Migrating to DeviseCreateUsers (20170207043715)
  [1m[35m (0.1ms)[0m  [1m[36mbegin transaction[0m
  [1m[35m (0.4ms)[0m  [1m[35mCREATE TABLE "users" ("id" INTEGER PRIMARY KEY AUTOINCREMENT NOT NULL, "email" varchar DEFAULT '' NOT NULL, "encrypted_password" varchar DEFAULT '' NOT NULL, "reset_password_token" varchar, "reset_password_sent_at" datetime, "remember_created_at" datetime, "sign_in_count" integer DEFAULT 0 NOT NULL, "current_sign_in_at" datetime, "last_sign_in_at" datetime, "current_sign_in_ip" varchar, "last_sign_in_ip" varchar, "created_at" datetime NOT NULL, "updated_at" datetime NOT NULL)[0m
  [1m[35m (0.1ms)[0m  [1m[34mselect sqlite_version(*)[0m
  [1m[35m (0.1ms)[0m  [1m[35mCREATE UNIQUE INDEX "index_users_on_email" ON "users" ("email")[0m
  [1m[35m (0.1ms)[0m  [1m[34m            SELECT sql
            FROM sqlite_master
            WHERE name='index_users_on_email' AND type='index'
            UNION ALL
            SELECT sql
            FROM sqlite_temp_master
            WHERE name='index_users_on_email' AND type='index'
[0m
  [1m[35m (0.1ms)[0m  [1m[35mCREATE UNIQUE INDEX "index_users_on_reset_password_token" ON "users" ("reset_password_token")[0m
  [1m[35mSQL (0.1ms)[0m  [1m[32mINSERT INTO "schema_migrations" ("version") VALUES (?)[0m  [["version", "20170207043715"]]
  [1m[35m (2.5ms)[0m  [1m[36mcommit transaction[0m
Migrating to DeviseCreateModels (20170207043835)
  [1m[35m (0.1ms)[0m  [1m[36mbegin transaction[0m
  [1m[35m (0.3ms)[0m  [1m[35mCREATE TABLE "models" ("id" INTEGER PRIMARY KEY AUTOINCREMENT NOT NULL, "email" varchar DEFAULT '' NOT NULL, "encrypted_password" varchar DEFAULT '' NOT NULL, "reset_password_token" varchar, "reset_password_sent_at" datetime, "remember_created_at" datetime, "sign_in_count" integer DEFAULT 0 NOT NULL, "current_sign_in_at" datetime, "last_sign_in_at" datetime, "current_sign_in_ip" varchar, "last_sign_in_ip" varchar, "created_at" datetime NOT NULL, "updated_at" datetime NOT NULL)[0m
  [1m[35m (0.2ms)[0m  [1m[35mCREATE UNIQUE INDEX "index_models_on_email" ON "models" ("email")[0m
  [1m[35m (0.0ms)[0m  [1m[34m            SELECT sql
            FROM sqlite_master
            WHERE name='index_models_on_email' AND type='index'
            UNION ALL
            SELECT sql
            FROM sqlite_temp_master
            WHERE name='index_models_on_email' AND type='index'
[0m
  [1m[35m (0.1ms)[0m  [1m[35mCREATE UNIQUE INDEX "index_models_on_reset_password_token" ON "models" ("reset_password_token")[0m
  [1m[35mSQL (0.1ms)[0m  [1m[32mINSERT INTO "schema_migrations" ("version") VALUES (?)[0m  [["version", "20170207043835"]]
  [1m[35m (2.6ms)[0m  [1m[36mcommit transaction[0m
  [1m[36mActiveRecord::InternalMetadata Load (0.1ms)[0m  [1m[34mSELECT  "ar_internal_metadata".* FROM "ar_internal_metadata" WHERE "ar_internal_metadata"."key" = ? LIMIT ?[0m  [["key", :environment], ["LIMIT", 1]]
  [1m[35m (0.2ms)[0m  [1m[36mbegin transaction[0m
  [1m[35mSQL (0.3ms)[0m  [1m[32mINSERT INTO "ar_internal_metadata" ("key", "value", "created_at", "updated_at") VALUES (?, ?, ?, ?)[0m  [["key", "environment"], ["value", "development"], ["created_at", 2017-02-07 04:38:45 UTC], ["updated_at", 2017-02-07 04:38:45 UTC]]
  [1m[35m (2.4ms)[0m  [1m[36mcommit transaction[0m
  [1m[36mActiveRecord::SchemaMigration Load (0.2ms)[0m  [1m[34mSELECT "schema_migrations".* FROM "schema_migrations"[0m
  [1m[35m (0.1ms)[0m  [1m[34m            SELECT sql
            FROM sqlite_master
            WHERE name='index_models_on_reset_password_token' AND type='index'
            UNION ALL
            SELECT sql
            FROM sqlite_temp_master
            WHERE name='index_models_on_reset_password_token' AND type='index'
[0m
  [1m[35m (0.1ms)[0m  [1m[34m            SELECT sql
            FROM sqlite_master
            WHERE name='index_models_on_email' AND type='index'
            UNION ALL
            SELECT sql
            FROM sqlite_temp_master
            WHERE name='index_models_on_email' AND type='index'
[0m
  [1m[35m (0.1ms)[0m  [1m[34m            SELECT sql
            FROM sqlite_master
            WHERE name='index_users_on_reset_password_token' AND type='index'
            UNION ALL
            SELECT sql
            FROM sqlite_temp_master
            WHERE name='index_users_on_reset_password_token' AND type='index'
[0m
  [1m[35m (0.1ms)[0m  [1m[34m            SELECT sql
            FROM sqlite_master
            WHERE name='index_users_on_email' AND type='index'
            UNION ALL
            SELECT sql
            FROM sqlite_temp_master
            WHERE name='index_users_on_email' AND type='index'
[0m
Started GET "/" for 127.0.0.1 at 2017-02-06 20:38:56 -0800
  [1m[36mActiveRecord::SchemaMigration Load (0.1ms)[0m  [1m[34mSELECT "schema_migrations".* FROM "schema_migrations"[0m
Processing by Rails::WelcomeController#index as HTML
  Parameters: {"internal"=>true}
  Rendering /Users/FernandoWang/.rvm/gems/ruby-2.4.0/gems/railties-5.0.1/lib/rails/templates/rails/welcome/index.html.erb
  Rendered /Users/FernandoWang/.rvm/gems/ruby-2.4.0/gems/railties-5.0.1/lib/rails/templates/rails/welcome/index.html.erb (3.9ms)
Completed 200 OK in 27ms (Views: 11.1ms | ActiveRecord: 0.0ms)


Started GET "/users/sign_in" for 127.0.0.1 at 2017-02-06 20:39:02 -0800
Processing by Devise::SessionsController#new as HTML
  Rendering /Users/FernandoWang/.rvm/gems/ruby-2.4.0/gems/devise-4.2.0/app/views/devise/sessions/new.html.erb within layouts/application
  Rendered /Users/FernandoWang/.rvm/gems/ruby-2.4.0/gems/devise-4.2.0/app/views/devise/shared/_links.html.erb (1.9ms)
  Rendered /Users/FernandoWang/.rvm/gems/ruby-2.4.0/gems/devise-4.2.0/app/views/devise/sessions/new.html.erb within layouts/application (75.5ms)
Completed 200 OK in 466ms (Views: 443.4ms | ActiveRecord: 0.7ms)


Started GET "/" for 127.0.0.1 at 2017-02-06 20:41:56 -0800
  [1m[36mActiveRecord::SchemaMigration Load (0.1ms)[0m  [1m[34mSELECT "schema_migrations".* FROM "schema_migrations"[0m
Processing by Rails::WelcomeController#index as HTML
  Parameters: {"internal"=>true}
  Rendering /Users/FernandoWang/.rvm/gems/ruby-2.4.0/gems/railties-5.0.1/lib/rails/templates/rails/welcome/index.html.erb
  Rendered /Users/FernandoWang/.rvm/gems/ruby-2.4.0/gems/railties-5.0.1/lib/rails/templates/rails/welcome/index.html.erb (3.6ms)
Completed 200 OK in 20ms (Views: 9.5ms | ActiveRecord: 0.0ms)


Started GET "/users/sign_in" for 127.0.0.1 at 2017-02-06 20:42:00 -0800
Processing by Devise::SessionsController#new as HTML
  Rendering /Users/FernandoWang/.rvm/gems/ruby-2.4.0/gems/devise-4.2.0/app/views/devise/sessions/new.html.erb within layouts/application
  Rendered /Users/FernandoWang/.rvm/gems/ruby-2.4.0/gems/devise-4.2.0/app/views/devise/shared/_links.html.erb (1.0ms)
  Rendered /Users/FernandoWang/.rvm/gems/ruby-2.4.0/gems/devise-4.2.0/app/views/devise/sessions/new.html.erb within layouts/application (24.7ms)
Completed 200 OK in 226ms (Views: 212.4ms | ActiveRecord: 0.5ms)


Started GET "/users/password/new" for 127.0.0.1 at 2017-02-06 20:42:01 -0800
Processing by Devise::PasswordsController#new as HTML
  Rendering /Users/FernandoWang/.rvm/gems/ruby-2.4.0/gems/devise-4.2.0/app/views/devise/passwords/new.html.erb within layouts/application
  Rendered /Users/FernandoWang/.rvm/gems/ruby-2.4.0/gems/devise-4.2.0/app/views/devise/shared/_links.html.erb (1.0ms)
  Rendered /Users/FernandoWang/.rvm/gems/ruby-2.4.0/gems/devise-4.2.0/app/views/devise/passwords/new.html.erb within layouts/application (5.4ms)
Completed 200 OK in 35ms (Views: 25.1ms | ActiveRecord: 0.0ms)


  [1m[36mActiveRecord::SchemaMigration Load (0.1ms)[0m  [1m[34mSELECT "schema_migrations".* FROM "schema_migrations"[0m
Migrating to CreatePosts (20170207050648)
  [1m[35m (0.1ms)[0m  [1m[36mbegin transaction[0m
  [1m[35m (2.0ms)[0m  [1m[35mCREATE TABLE "posts" ("id" INTEGER PRIMARY KEY AUTOINCREMENT NOT NULL, "description" text, "created_at" datetime NOT NULL, "updated_at" datetime NOT NULL)[0m
  [1m[35mSQL (0.2ms)[0m  [1m[32mINSERT INTO "schema_migrations" ("version") VALUES (?)[0m  [["version", "20170207050648"]]
  [1m[35m (2.6ms)[0m  [1m[36mcommit transaction[0m
  [1m[36mActiveRecord::InternalMetadata Load (0.1ms)[0m  [1m[34mSELECT  "ar_internal_metadata".* FROM "ar_internal_metadata" WHERE "ar_internal_metadata"."key" = ? LIMIT ?[0m  [["key", :environment], ["LIMIT", 1]]
  [1m[35m (0.1ms)[0m  [1m[36mbegin transaction[0m
  [1m[35m (0.0ms)[0m  [1m[36mcommit transaction[0m
  [1m[36mActiveRecord::SchemaMigration Load (0.1ms)[0m  [1m[34mSELECT "schema_migrations".* FROM "schema_migrations"[0m
  [1m[35m (0.1ms)[0m  [1m[34m            SELECT sql
            FROM sqlite_master
            WHERE name='index_models_on_reset_password_token' AND type='index'
            UNION ALL
            SELECT sql
            FROM sqlite_temp_master
            WHERE name='index_models_on_reset_password_token' AND type='index'
[0m
  [1m[35m (0.1ms)[0m  [1m[34m            SELECT sql
            FROM sqlite_master
            WHERE name='index_models_on_email' AND type='index'
            UNION ALL
            SELECT sql
            FROM sqlite_temp_master
            WHERE name='index_models_on_email' AND type='index'
[0m
  [1m[35m (0.1ms)[0m  [1m[34m            SELECT sql
            FROM sqlite_master
            WHERE name='index_users_on_reset_password_token' AND type='index'
            UNION ALL
            SELECT sql
            FROM sqlite_temp_master
            WHERE name='index_users_on_reset_password_token' AND type='index'
[0m
  [1m[35m (0.1ms)[0m  [1m[34m            SELECT sql
            FROM sqlite_master
            WHERE name='index_users_on_email' AND type='index'
            UNION ALL
            SELECT sql
            FROM sqlite_temp_master
            WHERE name='index_users_on_email' AND type='index'
[0m
Started GET "/" for 127.0.0.1 at 2017-02-06 21:12:02 -0800
  [1m[36mActiveRecord::SchemaMigration Load (0.1ms)[0m  [1m[34mSELECT "schema_migrations".* FROM "schema_migrations"[0m
Processing by PostsController#index as HTML
  Rendering posts/index.html.erb within layouts/application
  Rendered posts/index.html.erb within layouts/application (1.0ms)
Started GET "/" for 127.0.0.1 at 2017-02-06 21:12:03 -0800
Processing by PostsController#index as HTML
  Rendering posts/index.html.erb within layouts/application
  Rendered posts/index.html.erb within layouts/application (3.9ms)
Completed 200 OK in 6556ms (Views: 6544.1ms | ActiveRecord: 0.0ms)


Completed 200 OK in 5699ms (Views: 5697.3ms | ActiveRecord: 0.0ms)


Started GET "/" for 127.0.0.1 at 2017-02-06 21:18:43 -0800
  [1m[36mActiveRecord::SchemaMigration Load (0.1ms)[0m  [1m[34mSELECT "schema_migrations".* FROM "schema_migrations"[0m
Processing by PostsController#index as HTML
  Rendering posts/index.html.erb within layouts/application
  Rendered posts/index.html.erb within layouts/application (1.3ms)
Completed 200 OK in 323ms (Views: 309.3ms | ActiveRecord: 0.0ms)


Started GET "/" for 127.0.0.1 at 2017-02-06 21:18:45 -0800
Processing by PostsController#index as HTML
  Rendering posts/index.html.erb within layouts/application
  Rendered posts/index.html.erb within layouts/application (0.3ms)
Completed 200 OK in 47ms (Views: 43.6ms | ActiveRecord: 0.0ms)


Started GET "/" for 127.0.0.1 at 2017-02-06 21:18:47 -0800
Processing by PostsController#index as HTML
  Rendering posts/index.html.erb within layouts/application
  Rendered posts/index.html.erb within layouts/application (0.4ms)
Completed 200 OK in 68ms (Views: 65.3ms | ActiveRecord: 0.0ms)


Started GET "/" for 127.0.0.1 at 2017-02-06 21:23:35 -0800
  [1m[36mActiveRecord::SchemaMigration Load (0.2ms)[0m  [1m[34mSELECT "schema_migrations".* FROM "schema_migrations"[0m
Processing by PostsController#index as HTML
  Rendering posts/index.html.erb within layouts/application
  Rendered posts/index.html.erb within layouts/application (1.0ms)
Completed 500 Internal Server Error in 508ms (ActiveRecord: 0.0ms)


  
ActionView::Template::Error (undefined local variable or method `new_user_register_path' for #<#<Class:0x007f9325e2bd18>:0x007f9325e19a28>
Did you mean?  new_user_registration_path
               new_user_session_path):
    36:                     <%= link_to "Log In", new_user_session_path %>
    37:                     </li>
    38:                     <li>
    39:                     <%= link_to "Register", new_user_register_path %>
    40:                     </li>
    41:                     <% end %>
    42:                    <!--  <li>
  
app/views/layouts/application.html.erb:39:in `_app_views_layouts_application_html_erb__662008317491748118_70134985951680'
  Rendering /Users/FernandoWang/.rvm/gems/ruby-2.4.0/gems/actionpack-5.0.1/lib/action_dispatch/middleware/templates/rescues/template_error.html.erb within rescues/layout
  Rendering /Users/FernandoWang/.rvm/gems/ruby-2.4.0/gems/actionpack-5.0.1/lib/action_dispatch/middleware/templates/rescues/_source.html.erb
  Rendered /Users/FernandoWang/.rvm/gems/ruby-2.4.0/gems/actionpack-5.0.1/lib/action_dispatch/middleware/templates/rescues/_source.html.erb (9.2ms)
  Rendering /Users/FernandoWang/.rvm/gems/ruby-2.4.0/gems/actionpack-5.0.1/lib/action_dispatch/middleware/templates/rescues/_trace.html.erb
  Rendered /Users/FernandoWang/.rvm/gems/ruby-2.4.0/gems/actionpack-5.0.1/lib/action_dispatch/middleware/templates/rescues/_trace.html.erb (3.8ms)
  Rendering /Users/FernandoWang/.rvm/gems/ruby-2.4.0/gems/actionpack-5.0.1/lib/action_dispatch/middleware/templates/rescues/_request_and_response.html.erb
  Rendered /Users/FernandoWang/.rvm/gems/ruby-2.4.0/gems/actionpack-5.0.1/lib/action_dispatch/middleware/templates/rescues/_request_and_response.html.erb (1.5ms)
  Rendered /Users/FernandoWang/.rvm/gems/ruby-2.4.0/gems/actionpack-5.0.1/lib/action_dispatch/middleware/templates/rescues/template_error.html.erb within rescues/layout (86.2ms)
Started GET "/" for 127.0.0.1 at 2017-02-06 21:24:04 -0800
  [1m[36mActiveRecord::SchemaMigration Load (0.1ms)[0m  [1m[34mSELECT "schema_migrations".* FROM "schema_migrations"[0m
Processing by PostsController#index as HTML
  Rendering posts/index.html.erb within layouts/application
  Rendered posts/index.html.erb within layouts/application (1.0ms)
Completed 200 OK in 314ms (Views: 301.2ms | ActiveRecord: 0.0ms)


Started GET "/" for 127.0.0.1 at 2017-02-06 21:48:20 -0800
  [1m[36mActiveRecord::SchemaMigration Load (0.1ms)[0m  [1m[34mSELECT "schema_migrations".* FROM "schema_migrations"[0m
Processing by PostsController#index as HTML
  Rendering posts/index.html.erb within layouts/application
  Rendered posts/index.html.erb within layouts/application (0.9ms)
Completed 200 OK in 269ms (Views: 258.4ms | ActiveRecord: 0.0ms)


Started GET "/users/sign_in" for 127.0.0.1 at 2017-02-06 21:48:22 -0800
Processing by Devise::SessionsController#new as HTML
  Rendering /Users/FernandoWang/.rvm/gems/ruby-2.4.0/gems/devise-4.2.0/app/views/devise/sessions/new.html.erb within layouts/application
  Rendered /Users/FernandoWang/.rvm/gems/ruby-2.4.0/gems/devise-4.2.0/app/views/devise/shared/_links.html.erb (0.9ms)
  Rendered /Users/FernandoWang/.rvm/gems/ruby-2.4.0/gems/devise-4.2.0/app/views/devise/sessions/new.html.erb within layouts/application (26.3ms)
Completed 200 OK in 82ms (Views: 66.6ms | ActiveRecord: 1.7ms)


Started GET "/users/sign_up" for 127.0.0.1 at 2017-02-06 21:48:23 -0800
Processing by Devise::RegistrationsController#new as HTML
  Rendering /Users/FernandoWang/.rvm/gems/ruby-2.4.0/gems/devise-4.2.0/app/views/devise/registrations/new.html.erb within layouts/application
  Rendered /Users/FernandoWang/.rvm/gems/ruby-2.4.0/gems/devise-4.2.0/app/views/devise/shared/_links.html.erb (0.9ms)
  Rendered /Users/FernandoWang/.rvm/gems/ruby-2.4.0/gems/devise-4.2.0/app/views/devise/registrations/new.html.erb within layouts/application (6.0ms)
Completed 200 OK in 66ms (Views: 64.3ms | ActiveRecord: 0.0ms)


Started GET "/posts/new" for 127.0.0.1 at 2017-02-06 21:48:26 -0800
Processing by PostsController#new as HTML
  Rendering posts/new.html.erb within layouts/application
  Rendered posts/new.html.erb within layouts/application (0.4ms)
Completed 200 OK in 55ms (Views: 50.2ms | ActiveRecord: 0.0ms)


Started GET "/users/sign_in" for 127.0.0.1 at 2017-02-06 21:48:29 -0800
Processing by Devise::SessionsController#new as HTML
  Rendering /Users/FernandoWang/.rvm/gems/ruby-2.4.0/gems/devise-4.2.0/app/views/devise/sessions/new.html.erb within layouts/application
  Rendered /Users/FernandoWang/.rvm/gems/ruby-2.4.0/gems/devise-4.2.0/app/views/devise/shared/_links.html.erb (1.5ms)
  Rendered /Users/FernandoWang/.rvm/gems/ruby-2.4.0/gems/devise-4.2.0/app/views/devise/sessions/new.html.erb within layouts/application (7.3ms)
Completed 200 OK in 87ms (Views: 82.5ms | ActiveRecord: 0.0ms)


Started GET "/posts/new" for 127.0.0.1 at 2017-02-06 21:48:52 -0800
Processing by PostsController#new as HTML
  Rendering posts/new.html.erb within layouts/application
  Rendered posts/new.html.erb within layouts/application (0.4ms)
Completed 200 OK in 59ms (Views: 55.4ms | ActiveRecord: 0.0ms)


Started GET "/" for 127.0.0.1 at 2017-02-06 21:54:03 -0800
  [1m[36mActiveRecord::SchemaMigration Load (0.2ms)[0m  [1m[34mSELECT "schema_migrations".* FROM "schema_migrations"[0m
Processing by PostsController#index as HTML
  Rendering posts/index.html.erb within layouts/application
  Rendered posts/index.html.erb within layouts/application (1.1ms)
Completed 200 OK in 281ms (Views: 268.7ms | ActiveRecord: 0.0ms)


Started GET "/users/sign_in" for 127.0.0.1 at 2017-02-06 21:54:05 -0800
Processing by Devise::SessionsController#new as HTML
  Rendering /Users/FernandoWang/.rvm/gems/ruby-2.4.0/gems/devise-4.2.0/app/views/devise/sessions/new.html.erb within layouts/application
  Rendered /Users/FernandoWang/.rvm/gems/ruby-2.4.0/gems/devise-4.2.0/app/views/devise/shared/_links.html.erb (0.9ms)
  Rendered /Users/FernandoWang/.rvm/gems/ruby-2.4.0/gems/devise-4.2.0/app/views/devise/sessions/new.html.erb within layouts/application (23.0ms)
Completed 200 OK in 86ms (Views: 68.7ms | ActiveRecord: 0.9ms)


Started GET "/users/sign_up" for 127.0.0.1 at 2017-02-06 21:54:05 -0800
Processing by Devise::RegistrationsController#new as HTML
  Rendering /Users/FernandoWang/.rvm/gems/ruby-2.4.0/gems/devise-4.2.0/app/views/devise/registrations/new.html.erb within layouts/application
  Rendered /Users/FernandoWang/.rvm/gems/ruby-2.4.0/gems/devise-4.2.0/app/views/devise/shared/_links.html.erb (1.0ms)
  Rendered /Users/FernandoWang/.rvm/gems/ruby-2.4.0/gems/devise-4.2.0/app/views/devise/registrations/new.html.erb within layouts/application (5.9ms)
Completed 200 OK in 67ms (Views: 65.3ms | ActiveRecord: 0.0ms)


Started GET "/posts/new" for 127.0.0.1 at 2017-02-06 21:54:06 -0800
Processing by PostsController#new as HTML
  Rendering posts/new.html.erb within layouts/application
  Rendered posts/new.html.erb within layouts/application (0.7ms)
Completed 500 Internal Server Error in 23ms (ActiveRecord: 0.7ms)


  
SyntaxError (/Users/FernandoWang/Documents/life&work/Dark Junior/cs121/instagram_app/app/views/posts/new.html.erb:6: syntax error, unexpected ':'
utput_buffer.append=( f.label: description );@output_buffer.
                              ^
/Users/FernandoWang/Documents/life&work/Dark Junior/cs121/instagram_app/app/views/posts/new.html.erb:7: syntax error, unexpected ':'
t_buffer.append=( f.text_area: description );@output_buffer.
                              ^):
  
app/views/posts/new.html.erb:6: syntax error, unexpected ':'
app/views/posts/new.html.erb:7: syntax error, unexpected ':'
  Rendering /Users/FernandoWang/.rvm/gems/ruby-2.4.0/gems/actionpack-5.0.1/lib/action_dispatch/middleware/templates/rescues/diagnostics.html.erb within rescues/layout
  Rendering /Users/FernandoWang/.rvm/gems/ruby-2.4.0/gems/actionpack-5.0.1/lib/action_dispatch/middleware/templates/rescues/_source.html.erb
  Rendered /Users/FernandoWang/.rvm/gems/ruby-2.4.0/gems/actionpack-5.0.1/lib/action_dispatch/middleware/templates/rescues/_source.html.erb (7.5ms)
  Rendering /Users/FernandoWang/.rvm/gems/ruby-2.4.0/gems/actionpack-5.0.1/lib/action_dispatch/middleware/templates/rescues/_trace.html.erb
  Rendered /Users/FernandoWang/.rvm/gems/ruby-2.4.0/gems/actionpack-5.0.1/lib/action_dispatch/middleware/templates/rescues/_trace.html.erb (3.5ms)
  Rendering /Users/FernandoWang/.rvm/gems/ruby-2.4.0/gems/actionpack-5.0.1/lib/action_dispatch/middleware/templates/rescues/_request_and_response.html.erb
  Rendered /Users/FernandoWang/.rvm/gems/ruby-2.4.0/gems/actionpack-5.0.1/lib/action_dispatch/middleware/templates/rescues/_request_and_response.html.erb (0.7ms)
  Rendered /Users/FernandoWang/.rvm/gems/ruby-2.4.0/gems/actionpack-5.0.1/lib/action_dispatch/middleware/templates/rescues/diagnostics.html.erb within rescues/layout (91.4ms)
Started GET "/posts/new" for 127.0.0.1 at 2017-02-06 21:55:44 -0800
Processing by PostsController#new as HTML
  Rendering posts/new.html.erb within layouts/application
  Rendered posts/new.html.erb within layouts/application (4.7ms)
Completed 200 OK in 54ms (Views: 52.4ms | ActiveRecord: 0.0ms)


Started GET "/posts/new" for 127.0.0.1 at 2017-02-06 21:57:09 -0800
  [1m[36mActiveRecord::SchemaMigration Load (0.1ms)[0m  [1m[34mSELECT "schema_migrations".* FROM "schema_migrations"[0m
Processing by PostsController#new as HTML
  Rendering posts/new.html.erb within layouts/application
  Rendered posts/new.html.erb within layouts/application (14.0ms)
Completed 200 OK in 282ms (Views: 260.2ms | ActiveRecord: 0.8ms)


Started GET "/users/sign_up" for 127.0.0.1 at 2017-02-06 21:57:10 -0800
Processing by Devise::RegistrationsController#new as HTML
  Rendering /Users/FernandoWang/.rvm/gems/ruby-2.4.0/gems/devise-4.2.0/app/views/devise/registrations/new.html.erb within layouts/application
  Rendered /Users/FernandoWang/.rvm/gems/ruby-2.4.0/gems/devise-4.2.0/app/views/devise/shared/_links.html.erb (2.0ms)
  Rendered /Users/FernandoWang/.rvm/gems/ruby-2.4.0/gems/devise-4.2.0/app/views/devise/registrations/new.html.erb within layouts/application (12.5ms)
Completed 200 OK in 80ms (Views: 67.2ms | ActiveRecord: 0.9ms)


Started POST "/users" for 127.0.0.1 at 2017-02-06 21:57:24 -0800
Processing by Devise::RegistrationsController#create as HTML
  Parameters: {"utf8"=>"✓", "authenticity_token"=>"nSB1HAq9uIkq81xqrQ8aXc2rY97WgMxFmD3pAbthmObJfST/+zii+naVYn/+HHbFqyHuN4GrV1sHpZ190u+CXg==", "user"=>{"email"=>"adsfadsfs@dfsdfd.com", "password"=>"[FILTERED]", "password_confirmation"=>"[FILTERED]"}, "commit"=>"Sign up"}
  [1m[35m (0.1ms)[0m  [1m[36mbegin transaction[0m
  [1m[36mUser Exists (0.3ms)[0m  [1m[34mSELECT  1 AS one FROM "users" WHERE "users"."email" = ? LIMIT ?[0m  [["email", "adsfadsfs@dfsdfd.com"], ["LIMIT", 1]]
  [1m[35mSQL (1.3ms)[0m  [1m[32mINSERT INTO "users" ("email", "encrypted_password", "created_at", "updated_at") VALUES (?, ?, ?, ?)[0m  [["email", "adsfadsfs@dfsdfd.com"], ["encrypted_password", "$2a$11$/GDo7zYwwaYVoi.kQpTl8OenM2qKwgZZndSthSaGVCzXuAc/70Eqq"], ["created_at", 2017-02-07 05:57:24 UTC], ["updated_at", 2017-02-07 05:57:24 UTC]]
  [1m[35m (6.3ms)[0m  [1m[36mcommit transaction[0m
  [1m[35m (0.1ms)[0m  [1m[36mbegin transaction[0m
  [1m[35mSQL (0.4ms)[0m  [1m[33mUPDATE "users" SET "sign_in_count" = ?, "current_sign_in_at" = ?, "last_sign_in_at" = ?, "current_sign_in_ip" = ?, "last_sign_in_ip" = ?, "updated_at" = ? WHERE "users"."id" = ?[0m  [["sign_in_count", 1], ["current_sign_in_at", 2017-02-07 05:57:24 UTC], ["last_sign_in_at", 2017-02-07 05:57:24 UTC], ["current_sign_in_ip", "127.0.0.1"], ["last_sign_in_ip", "127.0.0.1"], ["updated_at", 2017-02-07 05:57:24 UTC], ["id", 1]]
  [1m[35m (2.3ms)[0m  [1m[36mcommit transaction[0m
Redirected to http://localhost:3000/
Completed 302 Found in 215ms (ActiveRecord: 10.8ms)


Started GET "/" for 127.0.0.1 at 2017-02-06 21:57:24 -0800
Processing by PostsController#index as HTML
  Rendering posts/index.html.erb within layouts/application
  Rendered posts/index.html.erb within layouts/application (0.4ms)
  [1m[36mUser Load (0.2ms)[0m  [1m[34mSELECT  "users".* FROM "users" WHERE "users"."id" = ? ORDER BY "users"."id" ASC LIMIT ?[0m  [["id", 1], ["LIMIT", 1]]
Completed 200 OK in 57ms (Views: 54.6ms | ActiveRecord: 0.2ms)


Started GET "/" for 127.0.0.1 at 2017-02-06 22:01:53 -0800
  [1m[36mActiveRecord::SchemaMigration Load (0.1ms)[0m  [1m[34mSELECT "schema_migrations".* FROM "schema_migrations"[0m
Processing by PostsController#index as HTML
  Rendering posts/index.html.erb within layouts/application
  Rendered posts/index.html.erb within layouts/application (2.2ms)
  [1m[36mUser Load (0.2ms)[0m  [1m[34mSELECT  "users".* FROM "users" WHERE "users"."id" = ? ORDER BY "users"."id" ASC LIMIT ?[0m  [["id", 1], ["LIMIT", 1]]
Completed 200 OK in 278ms (Views: 265.3ms | ActiveRecord: 1.1ms)


Started DELETE "/users/sign_out" for 127.0.0.1 at 2017-02-06 22:01:55 -0800
Processing by Devise::SessionsController#destroy as HTML
  Parameters: {"authenticity_token"=>"54zVJoZ/86IL+PQ9tCfToZ/8jIZwhsWm4wg555uW6xE8OAq4UwCT8bdgIe1rU/c72OT2lkYR9SuPJKGTlK/Tpg=="}
  [1m[36mUser Load (0.3ms)[0m  [1m[34mSELECT  "users".* FROM "users" WHERE "users"."id" = ? ORDER BY "users"."id" ASC LIMIT ?[0m  [["id", 1], ["LIMIT", 1]]
  [1m[35m (0.1ms)[0m  [1m[36mbegin transaction[0m
  [1m[35m (0.1ms)[0m  [1m[36mcommit transaction[0m
Redirected to http://localhost:3000/
Completed 302 Found in 16ms (ActiveRecord: 0.4ms)


Started GET "/" for 127.0.0.1 at 2017-02-06 22:01:55 -0800
Processing by PostsController#index as HTML
  Rendering posts/index.html.erb within layouts/application
  Rendered posts/index.html.erb within layouts/application (0.5ms)
Completed 200 OK in 75ms (Views: 73.6ms | ActiveRecord: 0.0ms)


Started GET "/users/sign_in" for 127.0.0.1 at 2017-02-06 22:01:57 -0800
Processing by Devise::SessionsController#new as HTML
  Rendering /Users/FernandoWang/.rvm/gems/ruby-2.4.0/gems/devise-4.2.0/app/views/devise/sessions/new.html.erb within layouts/application
  Rendered /Users/FernandoWang/.rvm/gems/ruby-2.4.0/gems/devise-4.2.0/app/views/devise/shared/_links.html.erb (1.0ms)
  Rendered /Users/FernandoWang/.rvm/gems/ruby-2.4.0/gems/devise-4.2.0/app/views/devise/sessions/new.html.erb within layouts/application (17.0ms)
Completed 200 OK in 77ms (Views: 73.1ms | ActiveRecord: 0.0ms)


Started POST "/users/sign_in" for 127.0.0.1 at 2017-02-06 22:02:04 -0800
Processing by Devise::SessionsController#create as HTML
  Parameters: {"utf8"=>"✓", "authenticity_token"=>"DuCSeSuIy81NgEwBfrzI2gtsvkmoiOGz28a51mFyh+TsbEJpO5EcCElCVsIKj8OSvweq1h2U9hwp04mVJFwgQw==", "user"=>{"email"=>"sdfdsf@d.dc", "password"=>"[FILTERED]", "remember_me"=>"0"}, "commit"=>"Log in"}
  [1m[36mUser Load (0.5ms)[0m  [1m[34mSELECT  "users".* FROM "users" WHERE "users"."email" = ? ORDER BY "users"."id" ASC LIMIT ?[0m  [["email", "sdfdsf@d.dc"], ["LIMIT", 1]]
Completed 401 Unauthorized in 7ms (ActiveRecord: 0.5ms)


Processing by Devise::SessionsController#new as HTML
  Parameters: {"utf8"=>"✓", "authenticity_token"=>"DuCSeSuIy81NgEwBfrzI2gtsvkmoiOGz28a51mFyh+TsbEJpO5EcCElCVsIKj8OSvweq1h2U9hwp04mVJFwgQw==", "user"=>{"email"=>"sdfdsf@d.dc", "password"=>"[FILTERED]", "remember_me"=>"0"}, "commit"=>"Log in"}
  Rendering /Users/FernandoWang/.rvm/gems/ruby-2.4.0/gems/devise-4.2.0/app/views/devise/sessions/new.html.erb within layouts/application
  Rendered /Users/FernandoWang/.rvm/gems/ruby-2.4.0/gems/devise-4.2.0/app/views/devise/shared/_links.html.erb (1.1ms)
  Rendered /Users/FernandoWang/.rvm/gems/ruby-2.4.0/gems/devise-4.2.0/app/views/devise/sessions/new.html.erb within layouts/application (6.4ms)
Completed 200 OK in 206ms (Views: 68.7ms | ActiveRecord: 0.0ms)


Started GET "/users/sign_up" for 127.0.0.1 at 2017-02-06 22:02:09 -0800
Processing by Devise::RegistrationsController#new as HTML
  Rendering /Users/FernandoWang/.rvm/gems/ruby-2.4.0/gems/devise-4.2.0/app/views/devise/registrations/new.html.erb within layouts/application
  Rendered /Users/FernandoWang/.rvm/gems/ruby-2.4.0/gems/devise-4.2.0/app/views/devise/shared/_links.html.erb (1.3ms)
  Rendered /Users/FernandoWang/.rvm/gems/ruby-2.4.0/gems/devise-4.2.0/app/views/devise/registrations/new.html.erb within layouts/application (6.7ms)
Completed 200 OK in 70ms (Views: 68.3ms | ActiveRecord: 0.0ms)


Started GET "/users/sign_in" for 127.0.0.1 at 2017-02-06 22:02:10 -0800
Processing by Devise::SessionsController#new as HTML
  Rendering /Users/FernandoWang/.rvm/gems/ruby-2.4.0/gems/devise-4.2.0/app/views/devise/sessions/new.html.erb within layouts/application
  Rendered /Users/FernandoWang/.rvm/gems/ruby-2.4.0/gems/devise-4.2.0/app/views/devise/shared/_links.html.erb (0.9ms)
  Rendered /Users/FernandoWang/.rvm/gems/ruby-2.4.0/gems/devise-4.2.0/app/views/devise/sessions/new.html.erb within layouts/application (6.5ms)
Completed 200 OK in 65ms (Views: 61.2ms | ActiveRecord: 0.0ms)


Started POST "/users/sign_in" for 127.0.0.1 at 2017-02-06 22:02:15 -0800
Processing by Devise::SessionsController#create as HTML
  Parameters: {"utf8"=>"✓", "authenticity_token"=>"pGNTa6BF0A+bt+rp7c9wTCjSmPk8s79mhI089LbWZaFG74N7sFwHyp918CqZ/HsEnLmMZomvqMl2mAy38/jCBg==", "user"=>{"email"=>"adsfadsfs@dfsdfd.com", "password"=>"[FILTERED]", "remember_me"=>"0"}, "commit"=>"Log in"}
  [1m[36mUser Load (0.2ms)[0m  [1m[34mSELECT  "users".* FROM "users" WHERE "users"."email" = ? ORDER BY "users"."id" ASC LIMIT ?[0m  [["email", "adsfadsfs@dfsdfd.com"], ["LIMIT", 1]]
  [1m[35m (0.1ms)[0m  [1m[36mbegin transaction[0m
  [1m[35mSQL (0.5ms)[0m  [1m[33mUPDATE "users" SET "current_sign_in_at" = ?, "sign_in_count" = ?, "updated_at" = ? WHERE "users"."id" = ?[0m  [["current_sign_in_at", 2017-02-07 06:02:15 UTC], ["sign_in_count", 2], ["updated_at", 2017-02-07 06:02:15 UTC], ["id", 1]]
  [1m[35m (2.5ms)[0m  [1m[36mcommit transaction[0m
Redirected to http://localhost:3000/
Completed 302 Found in 161ms (ActiveRecord: 3.2ms)


Started GET "/" for 127.0.0.1 at 2017-02-06 22:02:15 -0800
Processing by PostsController#index as HTML
  Rendering posts/index.html.erb within layouts/application
  Rendered posts/index.html.erb within layouts/application (0.5ms)
  [1m[36mUser Load (0.2ms)[0m  [1m[34mSELECT  "users".* FROM "users" WHERE "users"."id" = ? ORDER BY "users"."id" ASC LIMIT ?[0m  [["id", 1], ["LIMIT", 1]]
Completed 200 OK in 46ms (Views: 44.2ms | ActiveRecord: 0.2ms)


Started GET "/posts/new" for 127.0.0.1 at 2017-02-06 22:02:27 -0800
Processing by PostsController#new as HTML
  Rendering posts/new.html.erb within layouts/application
  Rendered posts/new.html.erb within layouts/application (2.6ms)
  [1m[36mUser Load (0.1ms)[0m  [1m[34mSELECT  "users".* FROM "users" WHERE "users"."id" = ? ORDER BY "users"."id" ASC LIMIT ?[0m  [["id", 1], ["LIMIT", 1]]
Completed 200 OK in 67ms (Views: 48.7ms | ActiveRecord: 1.2ms)


Started DELETE "/users/sign_out" for 127.0.0.1 at 2017-02-06 22:03:42 -0800
  [1m[36mActiveRecord::SchemaMigration Load (0.2ms)[0m  [1m[34mSELECT "schema_migrations".* FROM "schema_migrations"[0m
Processing by Devise::SessionsController#destroy as HTML
  Parameters: {"authenticity_token"=>"LUQUW4R5KPsYGo45/G9s0bHTjkUH6zE67mdljgASEJkFHfqFcvga00tdiUoT5ed3psBB6ih+3p5R5RyhMk3ZQw=="}
  [1m[36mUser Load (0.2ms)[0m  [1m[34mSELECT  "users".* FROM "users" WHERE "users"."id" = ? ORDER BY "users"."id" ASC LIMIT ?[0m  [["id", 1], ["LIMIT", 1]]
  [1m[35m (0.1ms)[0m  [1m[36mbegin transaction[0m
  [1m[35m (0.0ms)[0m  [1m[36mcommit transaction[0m
Redirected to http://localhost:3000/
Completed 302 Found in 36ms (ActiveRecord: 0.8ms)


Started GET "/" for 127.0.0.1 at 2017-02-06 22:03:42 -0800
Processing by PostsController#index as HTML
  Rendering posts/index.html.erb within layouts/application
  Rendered posts/index.html.erb within layouts/application (1.1ms)
Completed 200 OK in 263ms (Views: 260.4ms | ActiveRecord: 0.0ms)


Started GET "/users/sign_in" for 127.0.0.1 at 2017-02-06 22:03:45 -0800
Processing by Devise::SessionsController#new as HTML
  Rendering /Users/FernandoWang/.rvm/gems/ruby-2.4.0/gems/devise-4.2.0/app/views/devise/sessions/new.html.erb within layouts/application
  Rendered /Users/FernandoWang/.rvm/gems/ruby-2.4.0/gems/devise-4.2.0/app/views/devise/shared/_links.html.erb (1.0ms)
  Rendered /Users/FernandoWang/.rvm/gems/ruby-2.4.0/gems/devise-4.2.0/app/views/devise/sessions/new.html.erb within layouts/application (36.2ms)
Completed 200 OK in 96ms (Views: 92.9ms | ActiveRecord: 0.0ms)


Started POST "/users/sign_in" for 127.0.0.1 at 2017-02-06 22:03:54 -0800
Processing by Devise::SessionsController#create as HTML
  Parameters: {"utf8"=>"✓", "authenticity_token"=>"yjLKkVo7kJTQa0gTmd0QiSju70ehVfIh2i/kZCo6t5u+4B847oOukrON12yXspzvI5kxQJY8Iw8HKFwaEhhbPQ==", "user"=>{"email"=>"adsfadsfs@dfsdfd.com", "password"=>"[FILTERED]", "remember_me"=>"0"}, "commit"=>"Log in"}
  [1m[36mUser Load (0.3ms)[0m  [1m[34mSELECT  "users".* FROM "users" WHERE "users"."email" = ? ORDER BY "users"."id" ASC LIMIT ?[0m  [["email", "adsfadsfs@dfsdfd.com"], ["LIMIT", 1]]
  [1m[35m (0.1ms)[0m  [1m[36mbegin transaction[0m
  [1m[35mSQL (0.4ms)[0m  [1m[33mUPDATE "users" SET "current_sign_in_at" = ?, "last_sign_in_at" = ?, "sign_in_count" = ?, "updated_at" = ? WHERE "users"."id" = ?[0m  [["current_sign_in_at", 2017-02-07 06:03:54 UTC], ["last_sign_in_at", 2017-02-07 06:02:15 UTC], ["sign_in_count", 3], ["updated_at", 2017-02-07 06:03:54 UTC], ["id", 1]]
  [1m[35m (2.6ms)[0m  [1m[36mcommit transaction[0m
Redirected to http://localhost:3000/
Completed 302 Found in 184ms (ActiveRecord: 3.4ms)


Started GET "/" for 127.0.0.1 at 2017-02-06 22:03:54 -0800
Processing by PostsController#index as HTML
  Rendering posts/index.html.erb within layouts/application
  Rendered posts/index.html.erb within layouts/application (0.3ms)
  [1m[36mUser Load (0.2ms)[0m  [1m[34mSELECT  "users".* FROM "users" WHERE "users"."id" = ? ORDER BY "users"."id" ASC LIMIT ?[0m  [["id", 1], ["LIMIT", 1]]
Completed 200 OK in 73ms (Views: 70.5ms | ActiveRecord: 0.2ms)


Started DELETE "/users/sign_out" for 127.0.0.1 at 2017-02-06 22:03:55 -0800
Processing by Devise::SessionsController#destroy as HTML
  Parameters: {"authenticity_token"=>"8jDU5lTnueHoN3raSCIqN9Q8R2oGCRV55hzoUdFFFOmtbUcYTktUOlLmSEcdzvmL4abz4WZL9SvBydpyneoKSQ=="}
  [1m[36mUser Load (0.2ms)[0m  [1m[34mSELECT  "users".* FROM "users" WHERE "users"."id" = ? ORDER BY "users"."id" ASC LIMIT ?[0m  [["id", 1], ["LIMIT", 1]]
  [1m[35m (0.1ms)[0m  [1m[36mbegin transaction[0m
  [1m[35m (0.1ms)[0m  [1m[36mcommit transaction[0m
Redirected to http://localhost:3000/
Completed 302 Found in 5ms (ActiveRecord: 0.3ms)


Started GET "/" for 127.0.0.1 at 2017-02-06 22:03:55 -0800
Processing by PostsController#index as HTML
  Rendering posts/index.html.erb within layouts/application
  Rendered posts/index.html.erb within layouts/application (0.4ms)
Completed 200 OK in 59ms (Views: 56.8ms | ActiveRecord: 0.0ms)


Started GET "/" for 127.0.0.1 at 2017-02-06 22:04:04 -0800
Processing by PostsController#index as HTML
  Rendering posts/index.html.erb within layouts/application
  Rendered posts/index.html.erb within layouts/application (0.3ms)
Completed 200 OK in 54ms (Views: 52.0ms | ActiveRecord: 0.0ms)


Started GET "/users/sign_in" for 127.0.0.1 at 2017-02-06 22:04:05 -0800
Processing by Devise::SessionsController#new as HTML
  Rendering /Users/FernandoWang/.rvm/gems/ruby-2.4.0/gems/devise-4.2.0/app/views/devise/sessions/new.html.erb within layouts/application
  Rendered /Users/FernandoWang/.rvm/gems/ruby-2.4.0/gems/devise-4.2.0/app/views/devise/shared/_links.html.erb (0.8ms)
  Rendered /Users/FernandoWang/.rvm/gems/ruby-2.4.0/gems/devise-4.2.0/app/views/devise/sessions/new.html.erb within layouts/application (6.0ms)
Completed 200 OK in 77ms (Views: 75.6ms | ActiveRecord: 0.0ms)


Started POST "/users/sign_in" for 127.0.0.1 at 2017-02-06 22:04:10 -0800
Processing by Devise::SessionsController#create as HTML
  Parameters: {"utf8"=>"✓", "authenticity_token"=>"D+82FGOF7MVRlO689huY60Zc2Bfh5GgYd2G+mZd8Hvy2CqTaAGy0d2vit/O01DGnsPjdvvFi8mVIse28E5lduA==", "user"=>{"email"=>"adsfadsfs@dfsdfd.com", "password"=>"[FILTERED]", "remember_me"=>"0"}, "commit"=>"Log in"}
  [1m[36mUser Load (0.2ms)[0m  [1m[34mSELECT  "users".* FROM "users" WHERE "users"."email" = ? ORDER BY "users"."id" ASC LIMIT ?[0m  [["email", "adsfadsfs@dfsdfd.com"], ["LIMIT", 1]]
  [1m[35m (0.1ms)[0m  [1m[36mbegin transaction[0m
  [1m[35mSQL (0.3ms)[0m  [1m[33mUPDATE "users" SET "current_sign_in_at" = ?, "last_sign_in_at" = ?, "sign_in_count" = ?, "updated_at" = ? WHERE "users"."id" = ?[0m  [["current_sign_in_at", 2017-02-07 06:04:10 UTC], ["last_sign_in_at", 2017-02-07 06:03:54 UTC], ["sign_in_count", 4], ["updated_at", 2017-02-07 06:04:10 UTC], ["id", 1]]
  [1m[35m (2.7ms)[0m  [1m[36mcommit transaction[0m
Redirected to http://localhost:3000/
Completed 302 Found in 155ms (ActiveRecord: 3.3ms)


Started GET "/" for 127.0.0.1 at 2017-02-06 22:04:10 -0800
Processing by PostsController#index as HTML
  Rendering posts/index.html.erb within layouts/application
  Rendered posts/index.html.erb within layouts/application (0.3ms)
  [1m[36mUser Load (0.2ms)[0m  [1m[34mSELECT  "users".* FROM "users" WHERE "users"."id" = ? ORDER BY "users"."id" ASC LIMIT ?[0m  [["id", 1], ["LIMIT", 1]]
Completed 200 OK in 42ms (Views: 40.6ms | ActiveRecord: 0.2ms)


Started DELETE "/users/sign_out" for 127.0.0.1 at 2017-02-06 22:04:11 -0800
Processing by Devise::SessionsController#destroy as HTML
  Parameters: {"authenticity_token"=>"Pe+ezoBR1wyw8j8b6Evn/Pjv48NAZl6zAUV2FN6jhpgerSN3YGBMm7JXVC+klMhMW6abnAYVoq9w5iCOKDYJqA=="}
  [1m[36mUser Load (0.3ms)[0m  [1m[34mSELECT  "users".* FROM "users" WHERE "users"."id" = ? ORDER BY "users"."id" ASC LIMIT ?[0m  [["id", 1], ["LIMIT", 1]]
  [1m[35m (0.1ms)[0m  [1m[36mbegin transaction[0m
  [1m[35m (0.1ms)[0m  [1m[36mcommit transaction[0m
Redirected to http://localhost:3000/
Completed 302 Found in 5ms (ActiveRecord: 0.5ms)


Started GET "/" for 127.0.0.1 at 2017-02-06 22:04:11 -0800
Processing by PostsController#index as HTML
  Rendering posts/index.html.erb within layouts/application
  Rendered posts/index.html.erb within layouts/application (0.4ms)
Completed 200 OK in 59ms (Views: 56.5ms | ActiveRecord: 0.0ms)


Started GET "/" for 127.0.0.1 at 2017-02-06 22:05:33 -0800
  [1m[36mActiveRecord::SchemaMigration Load (0.2ms)[0m  [1m[34mSELECT "schema_migrations".* FROM "schema_migrations"[0m
Processing by PostsController#index as HTML
  Rendering posts/index.html.erb within layouts/application
  Rendered posts/index.html.erb within layouts/application (1.2ms)
Completed 200 OK in 264ms (Views: 249.6ms | ActiveRecord: 0.0ms)


Started GET "/users/sign_up" for 127.0.0.1 at 2017-02-06 22:05:36 -0800
Processing by Devise::RegistrationsController#new as HTML
  Rendering /Users/FernandoWang/.rvm/gems/ruby-2.4.0/gems/devise-4.2.0/app/views/devise/registrations/new.html.erb within layouts/application
  Rendered /Users/FernandoWang/.rvm/gems/ruby-2.4.0/gems/devise-4.2.0/app/views/devise/shared/_links.html.erb (1.2ms)
  Rendered /Users/FernandoWang/.rvm/gems/ruby-2.4.0/gems/devise-4.2.0/app/views/devise/registrations/new.html.erb within layouts/application (22.7ms)
Completed 200 OK in 87ms (Views: 74.6ms | ActiveRecord: 0.9ms)


Started GET "/users/sign_up" for 127.0.0.1 at 2017-02-06 22:05:38 -0800
Processing by Devise::RegistrationsController#new as HTML
  Rendering /Users/FernandoWang/.rvm/gems/ruby-2.4.0/gems/devise-4.2.0/app/views/devise/registrations/new.html.erb within layouts/application
  Rendered /Users/FernandoWang/.rvm/gems/ruby-2.4.0/gems/devise-4.2.0/app/views/devise/shared/_links.html.erb (1.2ms)
  Rendered /Users/FernandoWang/.rvm/gems/ruby-2.4.0/gems/devise-4.2.0/app/views/devise/registrations/new.html.erb within layouts/application (11.1ms)
Completed 200 OK in 75ms (Views: 74.4ms | ActiveRecord: 0.0ms)


Started GET "/users/sign_up" for 127.0.0.1 at 2017-02-06 22:05:39 -0800
Processing by Devise::RegistrationsController#new as HTML
  Rendering /Users/FernandoWang/.rvm/gems/ruby-2.4.0/gems/devise-4.2.0/app/views/devise/registrations/new.html.erb within layouts/application
  Rendered /Users/FernandoWang/.rvm/gems/ruby-2.4.0/gems/devise-4.2.0/app/views/devise/shared/_links.html.erb (1.7ms)
  Rendered /Users/FernandoWang/.rvm/gems/ruby-2.4.0/gems/devise-4.2.0/app/views/devise/registrations/new.html.erb within layouts/application (7.1ms)
Completed 200 OK in 82ms (Views: 80.7ms | ActiveRecord: 0.0ms)


Started POST "/users" for 127.0.0.1 at 2017-02-06 22:05:51 -0800
Processing by Devise::RegistrationsController#create as HTML
  Parameters: {"utf8"=>"✓", "authenticity_token"=>"1XOocPDPJ2xuljMFwX/PXfdtxbB6euD1uKcl8i1NEwsDBOvqhuCVkxRp1vJCWydyGPSvlshbI68DS66sf5Mhhw==", "user"=>{"email"=>"asdf@asdf.com", "password"=>"[FILTERED]", "password_confirmation"=>"[FILTERED]"}, "commit"=>"Sign up"}
  [1m[35m (0.1ms)[0m  [1m[36mbegin transaction[0m
  [1m[36mUser Exists (0.2ms)[0m  [1m[34mSELECT  1 AS one FROM "users" WHERE "users"."email" = ? LIMIT ?[0m  [["email", "asdf@asdf.com"], ["LIMIT", 1]]
  [1m[35mSQL (0.6ms)[0m  [1m[32mINSERT INTO "users" ("email", "encrypted_password", "created_at", "updated_at") VALUES (?, ?, ?, ?)[0m  [["email", "asdf@asdf.com"], ["encrypted_password", "$2a$11$X1u1jtRKMc/0feoKXblo/ecz6gN0h95MfTgG.lLZB.QyuDQsJYCsi"], ["created_at", 2017-02-07 06:05:51 UTC], ["updated_at", 2017-02-07 06:05:51 UTC]]
  [1m[35m (2.9ms)[0m  [1m[36mcommit transaction[0m
  [1m[35m (0.1ms)[0m  [1m[36mbegin transaction[0m
  [1m[35mSQL (0.3ms)[0m  [1m[33mUPDATE "users" SET "sign_in_count" = ?, "current_sign_in_at" = ?, "last_sign_in_at" = ?, "current_sign_in_ip" = ?, "last_sign_in_ip" = ?, "updated_at" = ? WHERE "users"."id" = ?[0m  [["sign_in_count", 1], ["current_sign_in_at", 2017-02-07 06:05:51 UTC], ["last_sign_in_at", 2017-02-07 06:05:51 UTC], ["current_sign_in_ip", "127.0.0.1"], ["last_sign_in_ip", "127.0.0.1"], ["updated_at", 2017-02-07 06:05:51 UTC], ["id", 2]]
  [1m[35m (2.6ms)[0m  [1m[36mcommit transaction[0m
Redirected to http://localhost:3000/
Completed 302 Found in 180ms (ActiveRecord: 6.8ms)


Started GET "/" for 127.0.0.1 at 2017-02-06 22:05:51 -0800
Processing by PostsController#index as HTML
  Rendering posts/index.html.erb within layouts/application
  Rendered posts/index.html.erb within layouts/application (0.6ms)
  [1m[36mUser Load (0.3ms)[0m  [1m[34mSELECT  "users".* FROM "users" WHERE "users"."id" = ? ORDER BY "users"."id" ASC LIMIT ?[0m  [["id", 2], ["LIMIT", 1]]
Completed 200 OK in 64ms (Views: 59.3ms | ActiveRecord: 0.3ms)


Started DELETE "/users/sign_out" for 127.0.0.1 at 2017-02-06 22:05:53 -0800
Processing by Devise::SessionsController#destroy as HTML
  Parameters: {"authenticity_token"=>"FXkMo04P49JjoFa3Ms34/c6nmzwt19gFE5e84XCLYK9R1Mci3hJBPL4ysPO4M+ZBt6XLr/Lha+01yWXjhheo+w=="}
  [1m[36mUser Load (0.2ms)[0m  [1m[34mSELECT  "users".* FROM "users" WHERE "users"."id" = ? ORDER BY "users"."id" ASC LIMIT ?[0m  [["id", 2], ["LIMIT", 1]]
  [1m[35m (0.1ms)[0m  [1m[36mbegin transaction[0m
  [1m[35m (0.1ms)[0m  [1m[36mcommit transaction[0m
Redirected to http://localhost:3000/
Completed 302 Found in 7ms (ActiveRecord: 0.4ms)


Started GET "/" for 127.0.0.1 at 2017-02-06 22:05:53 -0800
Processing by PostsController#index as HTML
  Rendering posts/index.html.erb within layouts/application
  Rendered posts/index.html.erb within layouts/application (0.4ms)
Completed 200 OK in 55ms (Views: 53.1ms | ActiveRecord: 0.0ms)


Started GET "/users/sign_in" for 127.0.0.1 at 2017-02-06 22:05:55 -0800
Processing by Devise::SessionsController#new as HTML
  Rendering /Users/FernandoWang/.rvm/gems/ruby-2.4.0/gems/devise-4.2.0/app/views/devise/sessions/new.html.erb within layouts/application
  Rendered /Users/FernandoWang/.rvm/gems/ruby-2.4.0/gems/devise-4.2.0/app/views/devise/shared/_links.html.erb (1.2ms)
  Rendered /Users/FernandoWang/.rvm/gems/ruby-2.4.0/gems/devise-4.2.0/app/views/devise/sessions/new.html.erb within layouts/application (9.9ms)
Completed 200 OK in 66ms (Views: 64.0ms | ActiveRecord: 0.0ms)


Started POST "/users/sign_in" for 127.0.0.1 at 2017-02-06 22:06:02 -0800
Processing by Devise::SessionsController#create as HTML
  Parameters: {"utf8"=>"✓", "authenticity_token"=>"VRHHTaIX97DT2sXEMDsjwOxS+ijHUXh9rrO+3vmW8L960QhTrHEHBNR4nRFI9K37CKhscsV1kea5hFTHFM0/BA==", "user"=>{"email"=>"asdf@asdf.com", "password"=>"[FILTERED]", "remember_me"=>"0"}, "commit"=>"Log in"}
  [1m[36mUser Load (0.3ms)[0m  [1m[34mSELECT  "users".* FROM "users" WHERE "users"."email" = ? ORDER BY "users"."id" ASC LIMIT ?[0m  [["email", "asdf@asdf.com"], ["LIMIT", 1]]
  [1m[35m (0.1ms)[0m  [1m[36mbegin transaction[0m
  [1m[35mSQL (0.3ms)[0m  [1m[33mUPDATE "users" SET "current_sign_in_at" = ?, "sign_in_count" = ?, "updated_at" = ? WHERE "users"."id" = ?[0m  [["current_sign_in_at", 2017-02-07 06:06:02 UTC], ["sign_in_count", 2], ["updated_at", 2017-02-07 06:06:02 UTC], ["id", 2]]
  [1m[35m (2.7ms)[0m  [1m[36mcommit transaction[0m
Redirected to http://localhost:3000/
Completed 302 Found in 171ms (ActiveRecord: 3.4ms)


Started GET "/" for 127.0.0.1 at 2017-02-06 22:06:02 -0800
Processing by PostsController#index as HTML
  Rendering posts/index.html.erb within layouts/application
  Rendered posts/index.html.erb within layouts/application (0.5ms)
  [1m[36mUser Load (0.2ms)[0m  [1m[34mSELECT  "users".* FROM "users" WHERE "users"."id" = ? ORDER BY "users"."id" ASC LIMIT ?[0m  [["id", 2], ["LIMIT", 1]]
Completed 200 OK in 54ms (Views: 51.2ms | ActiveRecord: 0.2ms)


Started GET "/posts/new" for 127.0.0.1 at 2017-02-06 22:06:04 -0800
Processing by PostsController#new as HTML
  Rendering posts/new.html.erb within layouts/application
  Rendered posts/new.html.erb within layouts/application (3.3ms)
  [1m[36mUser Load (0.2ms)[0m  [1m[34mSELECT  "users".* FROM "users" WHERE "users"."id" = ? ORDER BY "users"."id" ASC LIMIT ?[0m  [["id", 2], ["LIMIT", 1]]
Completed 200 OK in 78ms (Views: 59.0ms | ActiveRecord: 0.6ms)


Started GET "/" for 127.0.0.1 at 2017-02-06 22:06:05 -0800
Processing by PostsController#index as HTML
  Rendering posts/index.html.erb within layouts/application
  Rendered posts/index.html.erb within layouts/application (0.3ms)
  [1m[36mUser Load (0.3ms)[0m  [1m[34mSELECT  "users".* FROM "users" WHERE "users"."id" = ? ORDER BY "users"."id" ASC LIMIT ?[0m  [["id", 2], ["LIMIT", 1]]
Completed 200 OK in 60ms (Views: 55.1ms | ActiveRecord: 0.3ms)


Started DELETE "/users/sign_out" for 127.0.0.1 at 2017-02-06 22:06:07 -0800
Processing by Devise::SessionsController#destroy as HTML
  Parameters: {"authenticity_token"=>"6m2n5WtKldMBTuhfASIefSKW1pARXEb0m6TFxo/tXPdt8cM0pY6qbIr+xRFu5SXHNIkHFNmWlJPdX0qGqKHKiQ=="}
  [1m[36mUser Load (0.4ms)[0m  [1m[34mSELECT  "users".* FROM "users" WHERE "users"."id" = ? ORDER BY "users"."id" ASC LIMIT ?[0m  [["id", 2], ["LIMIT", 1]]
  [1m[35m (0.2ms)[0m  [1m[36mbegin transaction[0m
  [1m[35m (0.1ms)[0m  [1m[36mcommit transaction[0m
Redirected to http://localhost:3000/
Completed 302 Found in 5ms (ActiveRecord: 0.6ms)


Started GET "/" for 127.0.0.1 at 2017-02-06 22:06:07 -0800
Processing by PostsController#index as HTML
  Rendering posts/index.html.erb within layouts/application
  Rendered posts/index.html.erb within layouts/application (0.4ms)
Completed 200 OK in 47ms (Views: 45.3ms | ActiveRecord: 0.0ms)


Started GET "/users/sign_in" for 127.0.0.1 at 2017-02-06 22:07:55 -0800
Processing by Devise::SessionsController#new as HTML
  Rendering /Users/FernandoWang/.rvm/gems/ruby-2.4.0/gems/devise-4.2.0/app/views/devise/sessions/new.html.erb within layouts/application
  Rendered /Users/FernandoWang/.rvm/gems/ruby-2.4.0/gems/devise-4.2.0/app/views/devise/shared/_links.html.erb (1.2ms)
  Rendered /Users/FernandoWang/.rvm/gems/ruby-2.4.0/gems/devise-4.2.0/app/views/devise/sessions/new.html.erb within layouts/application (5.5ms)
Completed 200 OK in 64ms (Views: 61.4ms | ActiveRecord: 0.0ms)


Started POST "/users/sign_in" for 127.0.0.1 at 2017-02-06 22:08:01 -0800
Processing by Devise::SessionsController#create as HTML
  Parameters: {"utf8"=>"✓", "authenticity_token"=>"p0C05nP6+0BYmG8Pplaaj3/DUBwJgAFgyG/V41cvNmAS5qJe5Qblwc2gOKXpR1wwFdoFZExP4Imo0Xapkg2aIA==", "user"=>{"email"=>"asdf@asdf.com", "password"=>"[FILTERED]", "remember_me"=>"0"}, "commit"=>"Log in"}
  [1m[36mUser Load (0.2ms)[0m  [1m[34mSELECT  "users".* FROM "users" WHERE "users"."email" = ? ORDER BY "users"."id" ASC LIMIT ?[0m  [["email", "asdf@asdf.com"], ["LIMIT", 1]]
  [1m[35m (0.1ms)[0m  [1m[36mbegin transaction[0m
  [1m[35mSQL (0.3ms)[0m  [1m[33mUPDATE "users" SET "current_sign_in_at" = ?, "last_sign_in_at" = ?, "sign_in_count" = ?, "updated_at" = ? WHERE "users"."id" = ?[0m  [["current_sign_in_at", 2017-02-07 06:08:02 UTC], ["last_sign_in_at", 2017-02-07 06:06:02 UTC], ["sign_in_count", 3], ["updated_at", 2017-02-07 06:08:02 UTC], ["id", 2]]
  [1m[35m (2.5ms)[0m  [1m[36mcommit transaction[0m
Redirected to http://localhost:3000/
Completed 302 Found in 166ms (ActiveRecord: 3.1ms)


Started GET "/" for 127.0.0.1 at 2017-02-06 22:08:02 -0800
Processing by PostsController#index as HTML
  Rendering posts/index.html.erb within layouts/application
  Rendered posts/index.html.erb within layouts/application (0.3ms)
  [1m[36mUser Load (0.2ms)[0m  [1m[34mSELECT  "users".* FROM "users" WHERE "users"."id" = ? ORDER BY "users"."id" ASC LIMIT ?[0m  [["id", 2], ["LIMIT", 1]]
Completed 200 OK in 44ms (Views: 41.8ms | ActiveRecord: 0.2ms)


Started GET "/posts/new" for 127.0.0.1 at 2017-02-06 22:08:04 -0800
Processing by PostsController#new as HTML
  Rendering posts/new.html.erb within layouts/application
  Rendered posts/new.html.erb within layouts/application (1.6ms)
  [1m[36mUser Load (0.1ms)[0m  [1m[34mSELECT  "users".* FROM "users" WHERE "users"."id" = ? ORDER BY "users"."id" ASC LIMIT ?[0m  [["id", 2], ["LIMIT", 1]]
Completed 200 OK in 61ms (Views: 57.8ms | ActiveRecord: 0.1ms)


Started DELETE "/users/sign_out" for 127.0.0.1 at 2017-02-06 22:08:04 -0800
Processing by Devise::SessionsController#destroy as HTML
  Parameters: {"authenticity_token"=>"bOvETom549JuhyN6GJplngn2RK0wPCiUSnPy4szWKEQ2f/cGjeQng7Km8qONM4xx5ce/DD+8cOB/zAMNkoPflQ=="}
  [1m[36mUser Load (0.2ms)[0m  [1m[34mSELECT  "users".* FROM "users" WHERE "users"."id" = ? ORDER BY "users"."id" ASC LIMIT ?[0m  [["id", 2], ["LIMIT", 1]]
  [1m[35m (0.1ms)[0m  [1m[36mbegin transaction[0m
  [1m[35m (0.0ms)[0m  [1m[36mcommit transaction[0m
Redirected to http://localhost:3000/
Completed 302 Found in 4ms (ActiveRecord: 0.3ms)


Started GET "/" for 127.0.0.1 at 2017-02-06 22:08:04 -0800
Processing by PostsController#index as HTML
  Rendering posts/index.html.erb within layouts/application
  Rendered posts/index.html.erb within layouts/application (0.3ms)
Completed 200 OK in 45ms (Views: 42.7ms | ActiveRecord: 0.0ms)


Started GET "/users/sign_in" for 127.0.0.1 at 2017-02-06 22:08:25 -0800
Processing by Devise::SessionsController#new as HTML
  Rendering /Users/FernandoWang/.rvm/gems/ruby-2.4.0/gems/devise-4.2.0/app/views/devise/sessions/new.html.erb within layouts/application
  Rendered /Users/FernandoWang/.rvm/gems/ruby-2.4.0/gems/devise-4.2.0/app/views/devise/shared/_links.html.erb (1.3ms)
  Rendered /Users/FernandoWang/.rvm/gems/ruby-2.4.0/gems/devise-4.2.0/app/views/devise/sessions/new.html.erb within layouts/application (7.3ms)
Completed 200 OK in 66ms (Views: 63.8ms | ActiveRecord: 0.0ms)


Started POST "/users/sign_in" for 127.0.0.1 at 2017-02-06 22:08:30 -0800
Processing by Devise::SessionsController#create as HTML
  Parameters: {"utf8"=>"✓", "authenticity_token"=>"WGGp2U4bAaunD5Q8p+HnVThHMGDI6jw4+T/8rzn6lq1iOpdhxTFHUj8kjs2Pm3bT4VB46SJTjxFcaZqWbG/NOg==", "user"=>{"email"=>"asdf@asdf.com", "password"=>"[FILTERED]", "remember_me"=>"0"}, "commit"=>"Log in"}
  [1m[36mUser Load (0.2ms)[0m  [1m[34mSELECT  "users".* FROM "users" WHERE "users"."email" = ? ORDER BY "users"."id" ASC LIMIT ?[0m  [["email", "asdf@asdf.com"], ["LIMIT", 1]]
  [1m[35m (0.1ms)[0m  [1m[36mbegin transaction[0m
  [1m[35mSQL (0.3ms)[0m  [1m[33mUPDATE "users" SET "current_sign_in_at" = ?, "last_sign_in_at" = ?, "sign_in_count" = ?, "updated_at" = ? WHERE "users"."id" = ?[0m  [["current_sign_in_at", 2017-02-07 06:08:30 UTC], ["last_sign_in_at", 2017-02-07 06:08:02 UTC], ["sign_in_count", 4], ["updated_at", 2017-02-07 06:08:30 UTC], ["id", 2]]
  [1m[35m (2.5ms)[0m  [1m[36mcommit transaction[0m
Redirected to http://localhost:3000/
Completed 302 Found in 159ms (ActiveRecord: 3.0ms)


Started GET "/" for 127.0.0.1 at 2017-02-06 22:08:30 -0800
Processing by PostsController#index as HTML
  Rendering posts/index.html.erb within layouts/application
  Rendered posts/index.html.erb within layouts/application (0.5ms)
  [1m[36mUser Load (0.2ms)[0m  [1m[34mSELECT  "users".* FROM "users" WHERE "users"."id" = ? ORDER BY "users"."id" ASC LIMIT ?[0m  [["id", 2], ["LIMIT", 1]]
Completed 200 OK in 48ms (Views: 46.7ms | ActiveRecord: 0.2ms)


Started DELETE "/users/sign_out" for 127.0.0.1 at 2017-02-06 22:09:01 -0800
Processing by Devise::SessionsController#destroy as HTML
  Parameters: {"authenticity_token"=>"q2BXuskm0Z73TJcGzeXv88wsAJm6Iwy7VP6Jn2o44bDrvELID7/UuJFf//ThzcR2a6R62s+n7bqEwenmqJJYgw=="}
  [1m[36mUser Load (0.2ms)[0m  [1m[34mSELECT  "users".* FROM "users" WHERE "users"."id" = ? ORDER BY "users"."id" ASC LIMIT ?[0m  [["id", 2], ["LIMIT", 1]]
  [1m[35m (0.0ms)[0m  [1m[36mbegin transaction[0m
  [1m[35m (0.0ms)[0m  [1m[36mcommit transaction[0m
Redirected to http://localhost:3000/
Completed 302 Found in 3ms (ActiveRecord: 0.2ms)


Started GET "/" for 127.0.0.1 at 2017-02-06 22:09:01 -0800
Processing by PostsController#index as HTML
  Rendering posts/index.html.erb within layouts/application
  Rendered posts/index.html.erb within layouts/application (0.3ms)
Completed 200 OK in 54ms (Views: 52.3ms | ActiveRecord: 0.0ms)


Started GET "/users/sign_up" for 127.0.0.1 at 2017-02-06 22:09:14 -0800
Started GET "/" for 127.0.0.1 at 2017-02-06 22:09:14 -0800
Processing by Devise::RegistrationsController#new as HTML
Processing by PostsController#index as HTML
  Rendering posts/index.html.erb within layouts/application
  Rendered posts/index.html.erb within layouts/application (0.6ms)
  Rendering /Users/FernandoWang/.rvm/gems/ruby-2.4.0/gems/devise-4.2.0/app/views/devise/registrations/new.html.erb within layouts/application
  Rendered /Users/FernandoWang/.rvm/gems/ruby-2.4.0/gems/devise-4.2.0/app/views/devise/shared/_links.html.erb (1.3ms)
  Rendered /Users/FernandoWang/.rvm/gems/ruby-2.4.0/gems/devise-4.2.0/app/views/devise/registrations/new.html.erb within layouts/application (12.2ms)
Completed 200 OK in 101ms (Views: 93.8ms | ActiveRecord: 0.0ms)


Completed 200 OK in 109ms (Views: 108.3ms | ActiveRecord: 0.0ms)


Started GET "/users/sign_in" for 127.0.0.1 at 2017-02-06 22:09:17 -0800
Processing by Devise::SessionsController#new as HTML
  Rendering /Users/FernandoWang/.rvm/gems/ruby-2.4.0/gems/devise-4.2.0/app/views/devise/sessions/new.html.erb within layouts/application
  Rendered /Users/FernandoWang/.rvm/gems/ruby-2.4.0/gems/devise-4.2.0/app/views/devise/shared/_links.html.erb (1.1ms)
  Rendered /Users/FernandoWang/.rvm/gems/ruby-2.4.0/gems/devise-4.2.0/app/views/devise/sessions/new.html.erb within layouts/application (6.5ms)
Completed 200 OK in 56ms (Views: 54.8ms | ActiveRecord: 0.0ms)


Started POST "/users/sign_in" for 127.0.0.1 at 2017-02-06 22:09:22 -0800
Processing by Devise::SessionsController#create as HTML
  Parameters: {"utf8"=>"✓", "authenticity_token"=>"PXB+UKNWDpKEewvTEqLGKsrPjgiSNfr3F/4RAHboJsPzsQx/Gx3MjEm/DgC08oxNTH6fKhv604hu9NZCOIni3g==", "user"=>{"email"=>"asdf@asdf.com", "password"=>"[FILTERED]", "remember_me"=>"0"}, "commit"=>"Log in"}
  [1m[36mUser Load (0.3ms)[0m  [1m[34mSELECT  "users".* FROM "users" WHERE "users"."email" = ? ORDER BY "users"."id" ASC LIMIT ?[0m  [["email", "asdf@asdf.com"], ["LIMIT", 1]]
  [1m[35m (0.1ms)[0m  [1m[36mbegin transaction[0m
  [1m[35mSQL (2.4ms)[0m  [1m[33mUPDATE "users" SET "current_sign_in_at" = ?, "last_sign_in_at" = ?, "sign_in_count" = ?, "updated_at" = ? WHERE "users"."id" = ?[0m  [["current_sign_in_at", 2017-02-07 06:09:22 UTC], ["last_sign_in_at", 2017-02-07 06:08:30 UTC], ["sign_in_count", 5], ["updated_at", 2017-02-07 06:09:22 UTC], ["id", 2]]
  [1m[35m (2.8ms)[0m  [1m[36mcommit transaction[0m
Redirected to http://localhost:3000/
Completed 302 Found in 159ms (ActiveRecord: 5.5ms)


Started GET "/" for 127.0.0.1 at 2017-02-06 22:09:22 -0800
Processing by PostsController#index as HTML
  Rendering posts/index.html.erb within layouts/application
  Rendered posts/index.html.erb within layouts/application (0.3ms)
  [1m[36mUser Load (0.2ms)[0m  [1m[34mSELECT  "users".* FROM "users" WHERE "users"."id" = ? ORDER BY "users"."id" ASC LIMIT ?[0m  [["id", 2], ["LIMIT", 1]]
Completed 200 OK in 50ms (Views: 48.2ms | ActiveRecord: 0.2ms)


Started DELETE "/users/sign_out" for 127.0.0.1 at 2017-02-06 22:09:24 -0800
Processing by Devise::SessionsController#destroy as HTML
  Parameters: {"authenticity_token"=>"7cZ4opMUIYny7wfP0THRLseUJ3tVvmRi8AFuvN7ubmS8neF7HVUBjHpBxg7Pb/qOwTzIL9g8IIZP0Wa6YxUDGQ=="}
  [1m[36mUser Load (0.2ms)[0m  [1m[34mSELECT  "users".* FROM "users" WHERE "users"."id" = ? ORDER BY "users"."id" ASC LIMIT ?[0m  [["id", 2], ["LIMIT", 1]]
  [1m[35m (0.1ms)[0m  [1m[36mbegin transaction[0m
  [1m[35m (0.0ms)[0m  [1m[36mcommit transaction[0m
Redirected to http://localhost:3000/
Completed 302 Found in 4ms (ActiveRecord: 0.3ms)


Started GET "/" for 127.0.0.1 at 2017-02-06 22:09:24 -0800
Processing by PostsController#index as HTML
  Rendering posts/index.html.erb within layouts/application
  Rendered posts/index.html.erb within layouts/application (0.3ms)
Completed 200 OK in 44ms (Views: 41.9ms | ActiveRecord: 0.0ms)


Started GET "/" for 127.0.0.1 at 2017-02-06 22:11:30 -0800
  [1m[36mActiveRecord::SchemaMigration Load (0.1ms)[0m  [1m[34mSELECT "schema_migrations".* FROM "schema_migrations"[0m
Processing by PostsController#index as HTML
  Rendering posts/index.html.erb within layouts/application
  Rendered posts/index.html.erb within layouts/application (1.1ms)
Completed 200 OK in 301ms (Views: 290.6ms | ActiveRecord: 0.0ms)


Started GET "/users/sign_in" for 127.0.0.1 at 2017-02-06 22:11:31 -0800
Processing by Devise::SessionsController#new as HTML
  Rendering /Users/FernandoWang/.rvm/gems/ruby-2.4.0/gems/devise-4.2.0/app/views/devise/sessions/new.html.erb within layouts/application
  Rendered /Users/FernandoWang/.rvm/gems/ruby-2.4.0/gems/devise-4.2.0/app/views/devise/shared/_links.html.erb (2.1ms)
  Rendered /Users/FernandoWang/.rvm/gems/ruby-2.4.0/gems/devise-4.2.0/app/views/devise/sessions/new.html.erb within layouts/application (22.7ms)
Completed 200 OK in 79ms (Views: 65.8ms | ActiveRecord: 1.0ms)


Started POST "/users/sign_in" for 127.0.0.1 at 2017-02-06 22:11:37 -0800
Processing by Devise::SessionsController#create as HTML
  Parameters: {"utf8"=>"✓", "authenticity_token"=>"Ods9MYPsl1NCI/9jcAkVBsv6Zi5TR3syPqptpLuOFVggYiyJySE/1F8W97757c8dQZoRrdhyQMxwDQBJSoIGgA==", "user"=>{"email"=>"asdf@asdf.com", "password"=>"[FILTERED]", "remember_me"=>"0"}, "commit"=>"Log in"}
  [1m[36mUser Load (0.2ms)[0m  [1m[34mSELECT  "users".* FROM "users" WHERE "users"."email" = ? ORDER BY "users"."id" ASC LIMIT ?[0m  [["email", "asdf@asdf.com"], ["LIMIT", 1]]
  [1m[35m (0.1ms)[0m  [1m[36mbegin transaction[0m
  [1m[35mSQL (0.4ms)[0m  [1m[33mUPDATE "users" SET "current_sign_in_at" = ?, "last_sign_in_at" = ?, "sign_in_count" = ?, "updated_at" = ? WHERE "users"."id" = ?[0m  [["current_sign_in_at", 2017-02-07 06:11:38 UTC], ["last_sign_in_at", 2017-02-07 06:09:22 UTC], ["sign_in_count", 6], ["updated_at", 2017-02-07 06:11:38 UTC], ["id", 2]]
  [1m[35m (2.4ms)[0m  [1m[36mcommit transaction[0m
Redirected to http://localhost:3000/
Completed 302 Found in 175ms (ActiveRecord: 3.0ms)


Started GET "/" for 127.0.0.1 at 2017-02-06 22:11:38 -0800
Processing by PostsController#index as HTML
  Rendering posts/index.html.erb within layouts/application
  Rendered posts/index.html.erb within layouts/application (0.3ms)
  [1m[36mUser Load (0.2ms)[0m  [1m[34mSELECT  "users".* FROM "users" WHERE "users"."id" = ? ORDER BY "users"."id" ASC LIMIT ?[0m  [["id", 2], ["LIMIT", 1]]
Completed 200 OK in 60ms (Views: 57.7ms | ActiveRecord: 0.2ms)


Started DELETE "/users/sign_out" for 127.0.0.1 at 2017-02-06 22:11:44 -0800
Processing by Devise::SessionsController#destroy as HTML
  Parameters: {"authenticity_token"=>"0MbqSyKuMJJnfpdbIjwQ9+xpSUQcQQ/R9rZIqf/kP8FPYUG/S7BtnoR9sZHf18WqIs+85wRRj9HgUWIk1t1Yog=="}
  [1m[36mUser Load (0.2ms)[0m  [1m[34mSELECT  "users".* FROM "users" WHERE "users"."id" = ? ORDER BY "users"."id" ASC LIMIT ?[0m  [["id", 2], ["LIMIT", 1]]
  [1m[35m (0.1ms)[0m  [1m[36mbegin transaction[0m
  [1m[35m (0.0ms)[0m  [1m[36mcommit transaction[0m
Redirected to http://localhost:3000/
Completed 302 Found in 6ms (ActiveRecord: 0.4ms)


Started GET "/" for 127.0.0.1 at 2017-02-06 22:11:44 -0800
Processing by PostsController#index as HTML
  Rendering posts/index.html.erb within layouts/application
  Rendered posts/index.html.erb within layouts/application (0.5ms)
Completed 200 OK in 45ms (Views: 43.6ms | ActiveRecord: 0.0ms)


Started GET "/" for 127.0.0.1 at 2017-02-06 22:11:55 -0800
Processing by PostsController#index as HTML
  Rendering posts/index.html.erb within layouts/application
  Rendered posts/index.html.erb within layouts/application (0.3ms)
Completed 200 OK in 48ms (Views: 45.9ms | ActiveRecord: 0.0ms)


Started GET "/users/sign_in" for 127.0.0.1 at 2017-02-06 22:11:58 -0800
Processing by Devise::SessionsController#new as HTML
  Rendering /Users/FernandoWang/.rvm/gems/ruby-2.4.0/gems/devise-4.2.0/app/views/devise/sessions/new.html.erb within layouts/application
  Rendered /Users/FernandoWang/.rvm/gems/ruby-2.4.0/gems/devise-4.2.0/app/views/devise/shared/_links.html.erb (1.0ms)
  Rendered /Users/FernandoWang/.rvm/gems/ruby-2.4.0/gems/devise-4.2.0/app/views/devise/sessions/new.html.erb within layouts/application (8.4ms)
Completed 200 OK in 68ms (Views: 66.8ms | ActiveRecord: 0.0ms)


Started POST "/users/sign_in" for 127.0.0.1 at 2017-02-06 22:12:01 -0800
Processing by Devise::SessionsController#create as HTML
  Parameters: {"utf8"=>"✓", "authenticity_token"=>"XJ/LlNELjhJjf5N0AfB9D4eFgImE5J5vXoJbV5DV2Tm7/d/oouFDhtop6dbVGJljgek5BnJ0FqMJEqLoqouxdA==", "user"=>{"email"=>"asdf@asdf.com", "password"=>"[FILTERED]", "remember_me"=>"0"}, "commit"=>"Log in"}
  [1m[36mUser Load (0.2ms)[0m  [1m[34mSELECT  "users".* FROM "users" WHERE "users"."email" = ? ORDER BY "users"."id" ASC LIMIT ?[0m  [["email", "asdf@asdf.com"], ["LIMIT", 1]]
  [1m[35m (0.1ms)[0m  [1m[36mbegin transaction[0m
  [1m[35mSQL (0.3ms)[0m  [1m[33mUPDATE "users" SET "current_sign_in_at" = ?, "last_sign_in_at" = ?, "sign_in_count" = ?, "updated_at" = ? WHERE "users"."id" = ?[0m  [["current_sign_in_at", 2017-02-07 06:12:01 UTC], ["last_sign_in_at", 2017-02-07 06:11:38 UTC], ["sign_in_count", 7], ["updated_at", 2017-02-07 06:12:01 UTC], ["id", 2]]
  [1m[35m (2.5ms)[0m  [1m[36mcommit transaction[0m
Redirected to http://localhost:3000/
Completed 302 Found in 163ms (ActiveRecord: 3.0ms)


Started GET "/" for 127.0.0.1 at 2017-02-06 22:12:02 -0800
Processing by PostsController#index as HTML
  Rendering posts/index.html.erb within layouts/application
  Rendered posts/index.html.erb within layouts/application (0.3ms)
  [1m[36mUser Load (0.2ms)[0m  [1m[34mSELECT  "users".* FROM "users" WHERE "users"."id" = ? ORDER BY "users"."id" ASC LIMIT ?[0m  [["id", 2], ["LIMIT", 1]]
Completed 200 OK in 50ms (Views: 47.8ms | ActiveRecord: 0.2ms)


Started DELETE "/users/sign_out" for 127.0.0.1 at 2017-02-06 22:12:25 -0800
Processing by Devise::SessionsController#destroy as HTML
  Parameters: {"authenticity_token"=>"jNe9J2IqWdmTRVUR35/VDWMO2u57J5ZhC56bMlYTGnWAXbE0n2PS6PTe71WiUJjcCaleIRLFITnPCt3hFlnhug=="}
  [1m[36mUser Load (0.3ms)[0m  [1m[34mSELECT  "users".* FROM "users" WHERE "users"."id" = ? ORDER BY "users"."id" ASC LIMIT ?[0m  [["id", 2], ["LIMIT", 1]]
  [1m[35m (0.1ms)[0m  [1m[36mbegin transaction[0m
  [1m[35m (0.1ms)[0m  [1m[36mcommit transaction[0m
Redirected to http://localhost:3000/
Completed 302 Found in 10ms (ActiveRecord: 0.5ms)


Started GET "/" for 127.0.0.1 at 2017-02-06 22:12:25 -0800
Processing by PostsController#index as HTML
  Rendering posts/index.html.erb within layouts/application
  Rendered posts/index.html.erb within layouts/application (0.6ms)
Completed 200 OK in 68ms (Views: 64.2ms | ActiveRecord: 0.0ms)


